<?xml version='1.0' encoding='UTF-8'?>
<testsuite hostname="Asus-PC" name="FunctionCallSpec" tests="5" errors="0" failures="0" time="0.033">
                <properties>
[...]
</properties>
                <testcase classname="FunctionCallSpec" name="Functions should be considered values" time="0.026"> 
                    </testcase><testcase classname="FunctionCallSpec" name="Call should evaluate a function using big-step semantics" time="0.003"> 
                    </testcase><testcase classname="FunctionCallSpec" name="Call should handle recursive functions using big-step semantics" time="0.001"> 
                    </testcase><testcase classname="FunctionCallSpec" name="Call should evaluate a function using small-step semantics" time="0.001"> 
                    </testcase><testcase classname="FunctionCallSpec" name="Call should handle recursive functions using small-step semantics" time="0.002"> 
                    </testcase>
                <system-out></system-out>
                <system-err></system-err>
                </testsuite>